<!DOCTYPE html PUBLIC "-//W3C//DTD XHTML 1.1//EN" "http://www.w3.org/TR/xhtml11/DTD/xhtml11.dtd">
<html xmlns="http://www.w3.org/1999/xhtml"><head><title>TestNG Report</title><style type="text/css">table {margin-bottom:10px;border-collapse:collapse;empty-cells:show}th,td {border:1px solid #009;padding:.25em .5em}th {vertical-align:bottom}td {vertical-align:top}table a {font-weight:bold}.stripe td {background-color: #E6EBF9}.num {text-align:right}.passedodd td {background-color: #3F3}.passedeven td {background-color: #0A0}.skippedodd td {background-color: #DDD}.skippedeven td {background-color: #CCC}.failedodd td,.attn {background-color: #F33}.failedeven td,.stripe .attn {background-color: #D00}.stacktrace {white-space:pre;font-family:monospace}.totop {font-size:85%;text-align:center;border-bottom:2px solid #000}</style></head><body><table><tr><th>Test</th><th># Passed</th><th># Skipped</th><th># Failed</th><th>Time (ms)</th><th>Included Groups</th><th>Excluded Groups</th></tr><tr><th colspan="7">Surefire suite</th></tr><tr><td><a href="#t0">Surefire test</a></td><td class="num">7</td><td class="num">0</td><td class="num attn">1</td><td class="num">171,553</td><td></td><td></td></tr></table><table><thead><tr><th>Class</th><th>Method</th><th>Start</th><th>Time (ms)</th></tr></thead><tbody><tr><th colspan="4">Surefire suite</th></tr></tbody><tbody id="t0"><tr><th colspan="4">Surefire test &#8212; failed</th></tr><tr class="failedeven"><td rowspan="1">com.TaxiForSure.RegTestCases.RegistrationTest</td><td><a href="#m0">driverRegTest</a></td><td rowspan="1">1411116250116</td><td rowspan="1">71690</td></tr><tr><th colspan="4">Surefire test &#8212; passed</th></tr><tr class="passedeven"><td rowspan="7">com.TaxiForSure.RegTestCases.RegistrationTest</td><td><a href="#m1">DriverSearchTest</a></td><td rowspan="1">1411116203424</td><td rowspan="1">4003</td></tr><tr class="passedeven"><td><a href="#m2">VehicleSearchTest</a></td><td rowspan="1">1411116209349</td><td rowspan="1">3614</td></tr><tr class="passedeven"><td><a href="#m3">approveCorporateTest</a></td><td rowspan="1">1411116216316</td><td rowspan="1">4563</td></tr><tr class="passedeven"><td><a href="#m4">approveDriverTest</a></td><td rowspan="1">1411116222676</td><td rowspan="1">12357</td></tr><tr class="passedeven"><td><a href="#m5">approveVehicleTest</a></td><td rowspan="1">1411116237127</td><td rowspan="1">11053</td></tr><tr class="passedeven"><td><a href="#m6">editCompanyTest</a></td><td rowspan="1">1411116324979</td><td rowspan="1">5115</td></tr><tr class="passedeven"><td><a href="#m7">vehicleRegTest</a></td><td rowspan="1">1411116332111</td><td rowspan="1">37511</td></tr></tbody></table><h2>Surefire test</h2><h3 id="m0">com.TaxiForSure.RegTestCases.RegistrationTest#driverRegTest</h3><table class="result"><tr class="param"><th>Parameter #1</th><th>Parameter #2</th><th>Parameter #3</th><th>Parameter #4</th><th>Parameter #5</th><th>Parameter #6</th><th>Parameter #7</th><th>Parameter #8</th><th>Parameter #9</th><th>Parameter #10</th><th>Parameter #11</th><th>Parameter #12</th><th>Parameter #13</th><th>Parameter #14</th><th>Parameter #15</th><th>Parameter #16</th><th>Parameter #17</th><th>Parameter #18</th><th>Parameter #19</th><th>Parameter #20</th><th>Parameter #21</th></tr><tr class="param stripe"><td>TaxiForSure.com</td><td>Sedan</td><td>Dedicated VTS</td><td>HARIPRI</td><td>9999131956</td><td>KA</td><td>05</td><td>11</td><td>1906</td><td>2450654748</td><td>994532371</td><td>5</td><td>Kannada</td><td>Excellent</td><td>d.txt</td><td>d.txt</td><td>d.txt</td><td>d.txt</td><td>d.txt</td><td>d.txt</td><td>d.txt</td></tr><tr><th colspan="21">Messages</th></tr><tr><td colspan="21"><div class="messages">&lt;a href=&quot;D:\TFS_SUPPLY_QE\src\test\java\com\TaxiForSure\ScreenShots\driverRegTest().png&quot;&gt;  Clickhere  &lt;/a&gt;</div></td></tr><tr><th colspan="21">Exception</th></tr><tr><td colspan="21"><div class="stacktrace">org.openqa.selenium.NoSuchElementException: Unable to locate element: {&quot;method&quot;:&quot;xpath&quot;,&quot;selector&quot;:&quot;//*[@id=&apos;cont&apos;]/div/strong&quot;}
Command duration or timeout: 20.13 seconds
For documentation on this error, please visit: http://seleniumhq.org/exceptions/no_such_element.html
Build info: version: &apos;2.42.2&apos;, revision: &apos;6a6995d31c7c56c340d6f45a76976d43506cd6cc&apos;, time: &apos;2014-06-03 10:52:47&apos;
System info: host: &apos;SRIPRIYA-TI8152&apos;, ip: &apos;172.16.11.0&apos;, os.name: &apos;Windows 7&apos;, os.arch: &apos;x86&apos;, os.version: &apos;6.1&apos;, java.version: &apos;1.7.0_67&apos;
Session ID: 75af5aba-b9f0-409c-8f65-456a8dd5cf6d
Driver info: org.openqa.selenium.firefox.FirefoxDriver
Capabilities [{platform=XP, databaseEnabled=true, cssSelectorsEnabled=true, javascriptEnabled=true, acceptSslCerts=true, handlesAlerts=true, browserName=firefox, webStorageEnabled=true, nativeEvents=false, rotatable=false, locationContextEnabled=true, applicationCacheEnabled=true, takesScreenshot=true, version=31.0}]
	at org.openqa.selenium.remote.ErrorHandler.createThrowable(ErrorHandler.java:204)
	at org.openqa.selenium.remote.ErrorHandler.throwIfResponseFailed(ErrorHandler.java:156)
	at org.openqa.selenium.remote.RemoteWebDriver.execute(RemoteWebDriver.java:599)
	at org.openqa.selenium.remote.RemoteWebDriver.findElement(RemoteWebDriver.java:352)
	at org.openqa.selenium.remote.RemoteWebDriver.findElementByXPath(RemoteWebDriver.java:449)
	at org.openqa.selenium.By$ByXPath.findElement(By.java:357)
	at org.openqa.selenium.remote.RemoteWebDriver.findElement(RemoteWebDriver.java:344)
	at org.openqa.selenium.support.pagefactory.DefaultElementLocator.findElement(DefaultElementLocator.java:59)
	at org.openqa.selenium.support.pagefactory.internal.LocatingElementHandler.invoke(LocatingElementHandler.java:34)
	at com.sun.proxy.$Proxy12.getText(Unknown Source)
	at com.TaxiForSure.RegTestCases.RegistrationTest.driverRegTest(RegistrationTest.java:332)
Caused by: org.openqa.selenium.remote.ErrorHandler$UnknownServerException: Unable to locate element: {&quot;method&quot;:&quot;xpath&quot;,&quot;selector&quot;:&quot;//*[@id=&apos;cont&apos;]/div/strong&quot;}
Build info: version: &apos;2.42.2&apos;, revision: &apos;6a6995d31c7c56c340d6f45a76976d43506cd6cc&apos;, time: &apos;2014-06-03 10:52:47&apos;
System info: host: &apos;SRIPRIYA-TI8152&apos;, ip: &apos;172.16.11.0&apos;, os.name: &apos;Windows 7&apos;, os.arch: &apos;x86&apos;, os.version: &apos;6.1&apos;, java.version: &apos;1.7.0_67&apos;
Driver info: driver.version: unknown
	at &lt;anonymous class&gt;.FirefoxDriver.prototype.findElementInternal_(file:///C:/Users/sripriya.b/AppData/Local/Temp/anonymous3541156602564647361webdriver-profile/extensions/fxdriver@googlecode.com/components/driver_component.js:9470:133)
	at &lt;anonymous class&gt;.fxdriver.Timer.prototype.setTimeout/&lt;.notify(file:///C:/Users/sripriya.b/AppData/Local/Temp/anonymous3541156602564647361webdriver-profile/extensions/fxdriver@googlecode.com/components/driver_component.js:407:5)
... Removed 32 stack frames</div></td></tr></table><p class="totop"><a href="#summary">back to summary</a></p><h3 id="m1">com.TaxiForSure.RegTestCases.RegistrationTest#DriverSearchTest</h3><table class="result"></table><p class="totop"><a href="#summary">back to summary</a></p><h3 id="m2">com.TaxiForSure.RegTestCases.RegistrationTest#VehicleSearchTest</h3><table class="result"></table><p class="totop"><a href="#summary">back to summary</a></p><h3 id="m3">com.TaxiForSure.RegTestCases.RegistrationTest#approveCorporateTest</h3><table class="result"><tr class="param"><th>Parameter #1</th><th>Parameter #2</th><th>Parameter #3</th></tr><tr class="param stripe"><td>INTEL</td><td>INTELACA</td><td>Active</td></tr></table><p class="totop"><a href="#summary">back to summary</a></p><h3 id="m4">com.TaxiForSure.RegTestCases.RegistrationTest#approveDriverTest</h3><table class="result"><tr class="param"><th>Parameter #1</th></tr><tr class="param stripe"><td>TaxiForSure.com</td></tr></table><p class="totop"><a href="#summary">back to summary</a></p><h3 id="m5">com.TaxiForSure.RegTestCases.RegistrationTest#approveVehicleTest</h3><table class="result"><tr class="param"><th>Parameter #1</th></tr><tr class="param stripe"><td>Shabnam Cabs</td></tr></table><p class="totop"><a href="#summary">back to summary</a></p><h3 id="m6">com.TaxiForSure.RegTestCases.RegistrationTest#editCompanyTest</h3><table class="result"><tr class="param"><th>Parameter #1</th></tr><tr class="param stripe"><td>AeroSpaceCabs (India) Pvt Ltd  </td></tr></table><p class="totop"><a href="#summary">back to summary</a></p><h3 id="m7">com.TaxiForSure.RegTestCases.RegistrationTest#vehicleRegTest</h3><table class="result"><tr class="param"><th>Parameter #1</th><th>Parameter #2</th><th>Parameter #3</th><th>Parameter #4</th><th>Parameter #5</th><th>Parameter #6</th><th>Parameter #7</th><th>Parameter #8</th><th>Parameter #9</th><th>Parameter #10</th><th>Parameter #11</th><th>Parameter #12</th><th>Parameter #13</th><th>Parameter #14</th><th>Parameter #15</th><th>Parameter #16</th></tr><tr class="param stripe"><td>TaxiForSure.com</td><td>CarQW</td><td>DriverA12</td><td>9999889994</td><td>Sedan</td><td>National Insurance</td><td>121212344</td><td>121212332</td><td>121212323</td><td>121212323</td><td>9999889956</td><td>d.txt</td><td>d.txt</td><td>d.txt</td><td>d.txt</td><td>d.txt</td></tr></table><p class="totop"><a href="#summary">back to summary</a></p></body></html>