<?xml version="1.0" encoding="UTF-8"?>
<testsuite name="TestSuite" time="360.828" tests="25" errors="0" skipped="0" failures="5">
  <properties>
    <property name="java.runtime.name" value="Java(TM) SE Runtime Environment"/>
    <property name="sun.boot.library.path" value="C:\Program Files\Java\jdk1.7.0_67\jre\bin"/>
    <property name="java.vm.version" value="24.65-b04"/>
    <property name="java.vm.vendor" value="Oracle Corporation"/>
    <property name="java.vendor.url" value="http://java.oracle.com/"/>
    <property name="path.separator" value=";"/>
    <property name="guice.disable.misplaced.annotation.check" value="true"/>
    <property name="java.vm.name" value="Java HotSpot(TM) Client VM"/>
    <property name="file.encoding.pkg" value="sun.io"/>
    <property name="user.script" value=""/>
    <property name="user.country" value="IN"/>
    <property name="sun.java.launcher" value="SUN_STANDARD"/>
    <property name="sun.os.patch.level" value="Service Pack 1"/>
    <property name="java.vm.specification.name" value="Java Virtual Machine Specification"/>
    <property name="user.dir" value="D:\TFS_SUPPLY_QE"/>
    <property name="java.runtime.version" value="1.7.0_67-b01"/>
    <property name="java.awt.graphicsenv" value="sun.awt.Win32GraphicsEnvironment"/>
    <property name="java.endorsed.dirs" value="C:\Program Files\Java\jdk1.7.0_67\jre\lib\endorsed"/>
    <property name="os.arch" value="x86"/>
    <property name="java.io.tmpdir" value="C:\Users\sripriya.b\AppData\Local\Temp\"/>
    <property name="line.separator" value="&#10;"/>
    <property name="java.vm.specification.vendor" value="Oracle Corporation"/>
    <property name="user.variant" value=""/>
    <property name="os.name" value="Windows 7"/>
    <property name="classworlds.conf" value="D:\.metadata\.plugins\org.eclipse.m2e.launching\launches\m2conf64852973234699170.tmp"/>
    <property name="sun.jnu.encoding" value="Cp1252"/>
    <property name="java.library.path" value="C:\Program Files\Java\jdk1.7.0_67\bin;C:\Windows\Sun\Java\bin;C:\Windows\system32;C:\Windows;C:/Program Files/Java/jre7/bin/client;C:/Program Files/Java/jre7/bin;C:/Program Files/Java/jre7/lib/i386;C:\Program Files\Common Files\Microsoft Shared\Windows Live;C:\Windows\system32;C:\Windows;C:\Windows\System32\Wbem;C:\Windows\System32\WindowsPowerShell\v1.0\;C:\Program Files\QT Lite\QTSystem;C:\Program Files\TortoiseSVN\bin;C:\Program Files\Windows Live\Shared;C:\Windows\System32\WindowsPowerShell\v1.0\;C:\apache-maven-3.1.1\bin;D:\eclipse-jee-luna-R-win32\eclipse;;."/>
    <property name="java.specification.name" value="Java Platform API Specification"/>
    <property name="java.class.version" value="51.0"/>
    <property name="sun.management.compiler" value="HotSpot Client Compiler"/>
    <property name="os.version" value="6.1"/>
    <property name="user.home" value="C:\Users\sripriya.b"/>
    <property name="user.timezone" value="Asia/Calcutta"/>
    <property name="java.awt.printerjob" value="sun.awt.windows.WPrinterJob"/>
    <property name="java.specification.version" value="1.7"/>
    <property name="file.encoding" value="Cp1252"/>
    <property name="user.name" value="sripriya.b"/>
    <property name="java.class.path" value="/D:/eclipse-jee-luna-R-win32/eclipse/plugins/org.eclipse.m2e.maven.runtime_1.5.0.20140605-2032/jars/plexus-classworlds-2.5.1.jar"/>
    <property name="org.slf4j.simpleLogger.defaultLogLevel" value="info"/>
    <property name="java.vm.specification.version" value="1.7"/>
    <property name="sun.arch.data.model" value="32"/>
    <property name="java.home" value="C:\Program Files\Java\jdk1.7.0_67\jre"/>
    <property name="sun.java.command" value="org.codehaus.plexus.classworlds.launcher.Launcher -B test"/>
    <property name="java.specification.vendor" value="Oracle Corporation"/>
    <property name="user.language" value="en"/>
    <property name="awt.toolkit" value="sun.awt.windows.WToolkit"/>
    <property name="java.vm.info" value="mixed mode, sharing"/>
    <property name="java.version" value="1.7.0_67"/>
    <property name="java.ext.dirs" value="C:\Program Files\Java\jdk1.7.0_67\jre\lib\ext;C:\Windows\Sun\Java\lib\ext"/>
    <property name="sun.boot.class.path" value="C:\Program Files\Java\jdk1.7.0_67\jre\lib\resources.jar;C:\Program Files\Java\jdk1.7.0_67\jre\lib\rt.jar;C:\Program Files\Java\jdk1.7.0_67\jre\lib\sunrsasign.jar;C:\Program Files\Java\jdk1.7.0_67\jre\lib\jsse.jar;C:\Program Files\Java\jdk1.7.0_67\jre\lib\jce.jar;C:\Program Files\Java\jdk1.7.0_67\jre\lib\charsets.jar;C:\Program Files\Java\jdk1.7.0_67\jre\lib\jfr.jar;C:\Program Files\Java\jdk1.7.0_67\jre\classes"/>
    <property name="java.vendor" value="Oracle Corporation"/>
    <property name="maven.home" value="D:\TFS_SUPPLY_QE\EMBEDDED"/>
    <property name="file.separator" value="\"/>
    <property name="java.vendor.url.bug" value="http://bugreport.sun.com/bugreport/"/>
    <property name="sun.cpu.endian" value="little"/>
    <property name="sun.io.unicode.encoding" value="UnicodeLittle"/>
    <property name="sun.desktop" value="windows"/>
    <property name="sun.cpu.isalist" value="pentium_pro+mmx pentium_pro pentium+mmx pentium i486 i386 i86"/>
  </properties>
  <testcase name="operatorRechargeTest" classname="com.TaxiForSure.RegTestCases.PrepaidTest" time="4.517"/>
  <testcase name="prepaidDriverBalTransTest" classname="com.TaxiForSure.RegTestCases.PrepaidTest" time="5.191"/>
  <testcase name="prepaidDriverFineTest" classname="com.TaxiForSure.RegTestCases.PrepaidTest" time="5.681"/>
  <testcase name="prepaidDriverList" classname="com.TaxiForSure.RegTestCases.PrepaidTest" time="2.631"/>
  <testcase name="prepaidOperatorFineTest" classname="com.TaxiForSure.RegTestCases.PrepaidTest" time="6.973"/>
  <testcase name="prepaidSummaryTest" classname="com.TaxiForSure.RegTestCases.PrepaidTest" time="4.129"/>
  <testcase name="DriverSearchTest" classname="com.TaxiForSure.RegTestCases.RegistrationTest" time="3.324"/>
  <testcase name="VehicleSearchTest" classname="com.TaxiForSure.RegTestCases.RegistrationTest" time="3.292"/>
  <testcase name="approveCorporateTest" classname="com.TaxiForSure.RegTestCases.RegistrationTest" time="4.687">
    <failure message="Actual String is not as expected expected [Update Successfully] but found [error!!]" type="java.lang.AssertionError">java.lang.AssertionError: Actual String is not as expected expected [Update Successfully] but found [error!!]
	at org.testng.Assert.fail(Assert.java:94)
	at org.testng.Assert.failNotEquals(Assert.java:494)
	at org.testng.Assert.assertEquals(Assert.java:123)
	at org.testng.Assert.assertEquals(Assert.java:176)
	at com.TaxiForSure.RegTestCases.RegistrationTest.approveCorporateTest(RegistrationTest.java:198)
</failure>
  </testcase>
  <testcase name="approveDriverTest" classname="com.TaxiForSure.RegTestCases.RegistrationTest" time="11.592"/>
  <testcase name="approveVehicleTest" classname="com.TaxiForSure.RegTestCases.RegistrationTest" time="11.57"/>
  <testcase name="driverRegTest" classname="com.TaxiForSure.RegTestCases.RegistrationTest" time="50.608"/>
  <testcase name="editCompanyTest" classname="com.TaxiForSure.RegTestCases.RegistrationTest" time="5.867"/>
  <testcase name="operatorRegTest" classname="com.TaxiForSure.RegTestCases.RegistrationTest" time="13.587">
    <failure message="Actual String is not as expected expected [Added Successfully] but found [error!!]" type="java.lang.AssertionError">java.lang.AssertionError: Actual String is not as expected expected [Added Successfully] but found [error!!]
	at org.testng.Assert.fail(Assert.java:94)
	at org.testng.Assert.failNotEquals(Assert.java:494)
	at org.testng.Assert.assertEquals(Assert.java:123)
	at org.testng.Assert.assertEquals(Assert.java:176)
	at com.TaxiForSure.RegTestCases.RegistrationTest.operatorRegTest(RegistrationTest.java:170)
</failure>
  </testcase>
  <testcase name="vehicleRegTest" classname="com.TaxiForSure.RegTestCases.RegistrationTest" time="37.197"/>
  <testcase name="addCorporatePaymentTest" classname="com.TaxiForSure.RegTestCases.SettlementTest" time="7.18">
    <failure message="No alert is present (WARNING: The server did not provide any stacktrace information)&#10;Command duration or timeout: 2.17 seconds&#10;Build info: version: &apos;2.42.2&apos;, revision: &apos;6a6995d31c7c56c340d6f45a76976d43506cd6cc&apos;, time: &apos;2014-06-03 10:52:47&apos;&#10;System info: host: &apos;SRIPRIYA-TI8152&apos;, ip: &apos;172.16.11.0&apos;, os.name: &apos;Windows 7&apos;, os.arch: &apos;x86&apos;, os.version: &apos;6.1&apos;, java.version: &apos;1.7.0_67&apos;&#10;Session ID: 637275bb-b787-4b59-a2a5-e42cefd60bf7&#10;Driver info: org.openqa.selenium.firefox.FirefoxDriver&#10;Capabilities [{platform=XP, databaseEnabled=true, cssSelectorsEnabled=true, javascriptEnabled=true, acceptSslCerts=true, handlesAlerts=true, browserName=firefox, webStorageEnabled=true, nativeEvents=false, rotatable=false, locationContextEnabled=true, applicationCacheEnabled=true, takesScreenshot=true, version=31.0}]" type="org.openqa.selenium.NoAlertPresentException">org.openqa.selenium.NoAlertPresentException: No alert is present (WARNING: The server did not provide any stacktrace information)
Command duration or timeout: 2.17 seconds
Build info: version: '2.42.2', revision: '6a6995d31c7c56c340d6f45a76976d43506cd6cc', time: '2014-06-03 10:52:47'
System info: host: 'SRIPRIYA-TI8152', ip: '172.16.11.0', os.name: 'Windows 7', os.arch: 'x86', os.version: '6.1', java.version: '1.7.0_67'
Session ID: 637275bb-b787-4b59-a2a5-e42cefd60bf7
Driver info: org.openqa.selenium.firefox.FirefoxDriver
Capabilities [{platform=XP, databaseEnabled=true, cssSelectorsEnabled=true, javascriptEnabled=true, acceptSslCerts=true, handlesAlerts=true, browserName=firefox, webStorageEnabled=true, nativeEvents=false, rotatable=false, locationContextEnabled=true, applicationCacheEnabled=true, takesScreenshot=true, version=31.0}]
	at sun.reflect.NativeConstructorAccessorImpl.newInstance0(Native Method)
	at sun.reflect.NativeConstructorAccessorImpl.newInstance(NativeConstructorAccessorImpl.java:57)
	at sun.reflect.DelegatingConstructorAccessorImpl.newInstance(DelegatingConstructorAccessorImpl.java:45)
	at java.lang.reflect.Constructor.newInstance(Constructor.java:526)
	at org.openqa.selenium.remote.ErrorHandler.createThrowable(ErrorHandler.java:204)
	at org.openqa.selenium.remote.ErrorHandler.throwIfResponseFailed(ErrorHandler.java:156)
	at org.openqa.selenium.remote.RemoteWebDriver.execute(RemoteWebDriver.java:599)
	at org.openqa.selenium.remote.RemoteWebDriver.execute(RemoteWebDriver.java:614)
	at org.openqa.selenium.remote.RemoteWebDriver$RemoteTargetLocator.alert(RemoteWebDriver.java:899)
	at com.TaxiForSure.GenericLib.WebDriverCommonLib.alertText(WebDriverCommonLib.java:142)
	at com.TaxiForSure.RegTestCases.SettlementTest.addCorporatePaymentTest(SettlementTest.java:174)
</failure>
  </testcase>
  <testcase name="addPaymentTest" classname="com.TaxiForSure.RegTestCases.SettlementTest" time="18.271"/>
  <testcase name="paymentHistoryTest" classname="com.TaxiForSure.RegTestCases.SettlementTest" time="9.542"/>
  <testcase name="settlementDataTest" classname="com.TaxiForSure.RegTestCases.SettlementTest" time="7.531"/>
  <testcase name="comprehensiveHistoryTest" classname="com.TaxiForSure.RegTestCases.SupplyInspectionTest" time="3.081"/>
  <testcase name="comprehensiveInspectionTest" classname="com.TaxiForSure.RegTestCases.SupplyInspectionTest" time="70.596">
    <failure message="Enter Valid data" type="java.lang.AssertionError">java.lang.AssertionError: Enter Valid data
	at org.testng.Assert.fail(Assert.java:94)
	at com.TaxiForSure.RegTestCases.SupplyInspectionTest.comprehensiveInspectionTest(SupplyInspectionTest.java:326)
</failure>
    <system-out><![CDATA[Done! You are in 1 Km radius of the driver, You can proceed further
Element Not Present. Exiting!!
]]></system-out>
  </testcase>
  <testcase name="inspectionHistoryTest" classname="com.TaxiForSure.RegTestCases.SupplyInspectionTest" time="4.054"/>
  <testcase name="inspectionHomePageInvalidTest" classname="com.TaxiForSure.RegTestCases.SupplyInspectionTest" time="1.221"/>
  <testcase name="quickHistoryTest" classname="com.TaxiForSure.RegTestCases.SupplyInspectionTest" time="3.246"/>
  <testcase name="quickInspectionTest" classname="com.TaxiForSure.RegTestCases.SupplyInspectionTest" time="65.26">
    <failure message="Enter Valid data" type="java.lang.AssertionError">java.lang.AssertionError: Enter Valid data
	at org.testng.Assert.fail(Assert.java:94)
	at com.TaxiForSure.RegTestCases.SupplyInspectionTest.quickInspectionTest(SupplyInspectionTest.java:460)
</failure>
    <system-out><![CDATA[Done! You are in 1KM radius of the driver, you can proceed further!
Element Not Present. Exiting!!
]]></system-out>
  </testcase>
</testsuite>